<?xml version="1.0" encoding="UTF-8"?>
<testsuite xmlns:xsi="http://www.w3.org/2001/XMLSchema-instance" xsi:noNamespaceSchemaLocation="https://maven.apache.org/surefire/maven-surefire-plugin/xsd/surefire-test-report-3.0.xsd" version="3.0" name="TestSuite" time="6.203" tests="5" errors="0" skipped="0" failures="0">
  <properties>
[...]
</properties>
  <testcase name="loginCorrectCreds" classname="test.testng.LoginTest" time="0.005">
    <system-out><![CDATA[DemoTest: before test
LoginTest: before test
LoginTest: before class
LoginTest: before method 
Login loginCorrectCreds
]]></system-out>
  </testcase>
  <testcase name="loginIncorrectCreds" classname="test.testng.LoginTest" time="0.001">
    <system-out><![CDATA[LoginTest: after method 
LoginTest: before method 
Login loginIncorrectCreds
]]></system-out>
  </testcase>
  <testcase name="loginDemoTest" classname="test.testng.DemoTest" time="0.001">
    <system-out><![CDATA[LoginTest: after method 
LoginTest: after class
loginDemoTest
]]></system-out>
  </testcase>
  <testcase name="signupWithCorrectEmail" classname="test.testng.SignupTest" time="0">
    <system-out><![CDATA[DemoTest: after test
LoginTest: after test
SignupTest: before method 
SignupWithCorrectEmail
]]></system-out>
  </testcase>
  <testcase name="signupWithIncorrectEmail" classname="test.testng.SignupTest" time="0">
    <system-out><![CDATA[SignupTest: after method 
SignupTest: before method 
SignupWithIncorrectEmail
]]></system-out>
  </testcase>
</testsuite>