<?xml version="1.0" encoding="UTF-8"?>
<testng-results ignored="0" total="5" passed="5" failed="0" skipped="0">
  <reporter-output>
  </reporter-output>
  <suite started-at="2021-12-28T14:13:45 ICT" name="Regression" finished-at="2021-12-28T14:13:50 ICT" duration-ms="5239">
    <groups>
    </groups>
    <test started-at="2021-12-28T14:13:45 ICT" name="authentication" finished-at="2021-12-28T14:13:45 ICT" duration-ms="134">
      <class name="test.testng.LoginTest">
        <test-method is-config="true" signature="beforeTest()[pri:0, instance:test.testng.LoginTest@55536d9e]" started-at="2021-12-28T14:13:45 ICT" name="beforeTest" finished-at="2021-12-28T14:13:45 ICT" duration-ms="11" status="PASS">
          <reporter-output>
          </reporter-output>
        </test-method> <!-- beforeTest -->
        <test-method is-config="true" signature="beforeClass()[pri:0, instance:test.testng.LoginTest@55536d9e]" started-at="2021-12-28T14:13:45 ICT" name="beforeClass" finished-at="2021-12-28T14:13:45 ICT" duration-ms="1" status="PASS">
          <reporter-output>
          </reporter-output>
        </test-method> <!-- beforeClass -->
        <test-method is-config="true" signature="beforeMethod()[pri:0, instance:test.testng.LoginTest@55536d9e]" started-at="2021-12-28T14:13:45 ICT" name="beforeMethod" finished-at="2021-12-28T14:13:45 ICT" duration-ms="0" status="PASS">
          <reporter-output>
          </reporter-output>
        </test-method> <!-- beforeMethod -->
        <test-method signature="loginCorrectCreds()[pri:0, instance:test.testng.LoginTest@55536d9e]" started-at="2021-12-28T14:13:45 ICT" name="loginCorrectCreds" finished-at="2021-12-28T14:13:45 ICT" duration-ms="2" status="PASS">
          <reporter-output>
          </reporter-output>
        </test-method> <!-- loginCorrectCreds -->
        <test-method is-config="true" signature="afterMethod()[pri:0, instance:test.testng.LoginTest@55536d9e]" started-at="2021-12-28T14:13:45 ICT" name="afterMethod" finished-at="2021-12-28T14:13:45 ICT" duration-ms="1" status="PASS">
          <reporter-output>
          </reporter-output>
        </test-method> <!-- afterMethod -->
        <test-method signature="loginIncorrectCreds()[pri:0, instance:test.testng.LoginTest@55536d9e]" started-at="2021-12-28T14:13:45 ICT" name="loginIncorrectCreds" finished-at="2021-12-28T14:13:45 ICT" duration-ms="1" status="PASS">
          <reporter-output>
          </reporter-output>
        </test-method> <!-- loginIncorrectCreds -->
        <test-method is-config="true" signature="beforeMethod()[pri:0, instance:test.testng.LoginTest@55536d9e]" started-at="2021-12-28T14:13:45 ICT" name="beforeMethod" finished-at="2021-12-28T14:13:45 ICT" duration-ms="0" status="PASS">
          <reporter-output>
          </reporter-output>
        </test-method> <!-- beforeMethod -->
        <test-method is-config="true" signature="afterMethod()[pri:0, instance:test.testng.LoginTest@55536d9e]" started-at="2021-12-28T14:13:45 ICT" name="afterMethod" finished-at="2021-12-28T14:13:45 ICT" duration-ms="0" status="PASS">
          <reporter-output>
          </reporter-output>
        </test-method> <!-- afterMethod -->
        <test-method is-config="true" signature="afterClass()[pri:0, instance:test.testng.LoginTest@55536d9e]" started-at="2021-12-28T14:13:45 ICT" name="afterClass" finished-at="2021-12-28T14:13:45 ICT" duration-ms="0" status="PASS">
          <reporter-output>
          </reporter-output>
        </test-method> <!-- afterClass -->
        <test-method is-config="true" signature="afterTest()[pri:0, instance:test.testng.LoginTest@55536d9e]" started-at="2021-12-28T14:13:45 ICT" name="afterTest" finished-at="2021-12-28T14:13:45 ICT" duration-ms="1" status="PASS">
          <reporter-output>
          </reporter-output>
        </test-method> <!-- afterTest -->
      </class> <!-- test.testng.LoginTest -->
      <class name="test.testng.DemoTest">
        <test-method is-config="true" signature="beforeTest()[pri:0, instance:test.testng.DemoTest@378542de]" started-at="2021-12-28T14:13:45 ICT" name="beforeTest" finished-at="2021-12-28T14:13:45 ICT" duration-ms="40" status="PASS">
          <reporter-output>
          </reporter-output>
        </test-method> <!-- beforeTest -->
        <test-method signature="loginDemoTest()[pri:0, instance:test.testng.DemoTest@378542de]" started-at="2021-12-28T14:13:45 ICT" name="loginDemoTest" finished-at="2021-12-28T14:13:45 ICT" duration-ms="0" status="PASS">
          <reporter-output>
          </reporter-output>
        </test-method> <!-- loginDemoTest -->
        <test-method is-config="true" signature="afterTest()[pri:0, instance:test.testng.DemoTest@378542de]" started-at="2021-12-28T14:13:45 ICT" name="afterTest" finished-at="2021-12-28T14:13:45 ICT" duration-ms="2" status="PASS">
          <reporter-output>
          </reporter-output>
        </test-method> <!-- afterTest -->
      </class> <!-- test.testng.DemoTest -->
    </test> <!-- authentication -->
    <test started-at="2021-12-28T14:13:50 ICT" name="signup" finished-at="2021-12-28T14:13:50 ICT" duration-ms="3">
      <class name="test.testng.SignupTest">
        <test-method signature="signupWithCorrectEmail()[pri:0, instance:test.testng.SignupTest@212b5695]" started-at="2021-12-28T14:13:50 ICT" name="signupWithCorrectEmail" finished-at="2021-12-28T14:13:50 ICT" duration-ms="0" status="PASS">
          <reporter-output>
          </reporter-output>
        </test-method> <!-- signupWithCorrectEmail -->
        <test-method is-config="true" signature="beforeMethod()[pri:0, instance:test.testng.SignupTest@212b5695]" started-at="2021-12-28T14:13:50 ICT" name="beforeMethod" finished-at="2021-12-28T14:13:50 ICT" duration-ms="0" status="PASS">
          <reporter-output>
          </reporter-output>
        </test-method> <!-- beforeMethod -->
        <test-method is-config="true" signature="afterMethod()[pri:0, instance:test.testng.SignupTest@212b5695]" started-at="2021-12-28T14:13:50 ICT" name="afterMethod" finished-at="2021-12-28T14:13:50 ICT" duration-ms="0" status="PASS">
          <reporter-output>
          </reporter-output>
        </test-method> <!-- afterMethod -->
        <test-method is-config="true" signature="afterMethod()[pri:0, instance:test.testng.SignupTest@212b5695]" started-at="2021-12-28T14:13:50 ICT" name="afterMethod" finished-at="2021-12-28T14:13:50 ICT" duration-ms="0" status="PASS">
          <reporter-output>
          </reporter-output>
        </test-method> <!-- afterMethod -->
        <test-method signature="signupWithIncorrectEmail()[pri:0, instance:test.testng.SignupTest@212b5695]" started-at="2021-12-28T14:13:50 ICT" name="signupWithIncorrectEmail" finished-at="2021-12-28T14:13:50 ICT" duration-ms="0" status="PASS">
          <reporter-output>
          </reporter-output>
        </test-method> <!-- signupWithIncorrectEmail -->
        <test-method is-config="true" signature="beforeMethod()[pri:0, instance:test.testng.SignupTest@212b5695]" started-at="2021-12-28T14:13:50 ICT" name="beforeMethod" finished-at="2021-12-28T14:13:50 ICT" duration-ms="0" status="PASS">
          <reporter-output>
          </reporter-output>
        </test-method> <!-- beforeMethod -->
      </class> <!-- test.testng.SignupTest -->
    </test> <!-- signup -->
  </suite> <!-- Regression -->
</testng-results>
