<?xml version="1.0" encoding="UTF-8"?>
<!-- Generated by org.testng.reporters.JUnitXMLReporter -->
<testsuite ignored="0" hostname="NH-2.local" failures="0" tests="3" name="authentication" time="0.134" errors="0" timestamp="2021-12-28T14:13:50 ICT">
  <testcase classname="test.testng.LoginTest" name="loginCorrectCreds" time="0.002"/>
  <testcase classname="test.testng.LoginTest" name="loginIncorrectCreds" time="0.001"/>
  <testcase classname="test.testng.DemoTest" name="loginDemoTest" time="0.0"/>
</testsuite> <!-- authentication -->
